"../../../Engine/Content/EditorResources/S_Actor.uasset" 0
"../../../Engine/Content/EngineFonts/Roboto.uasset" 1
"../../../Engine/Content/Functions/Engine_MaterialFunctions01/Shading/PowerToRoughness.uasset" 2
"../../../Engine/Content/Functions/Engine_MaterialFunctions01/Shading/ConvertFromDiffSpec.uasset" 3
"../../../Engine/Content/EngineMaterials/DefaultDiffuse.uasset" 4
"../../../Engine/Content/EngineMaterials/DefaultDeferredDecalMaterial.uasset" 5
"../../../Engine/Content/EngineMaterials/DefaultLightFunctionMaterial.uasset" 6
"../../../Engine/Content/Functions/Engine_MaterialFunctions02/Utility/BreakOutFloat2Components.uasset" 7
"../../../Engine/Content/EngineMaterials/DefaultPostProcessMaterial.uasset" 8
"../../../Engine/Content/EngineResources/DefaultTexture.uasset" 9
"../../../Engine/Content/Functions/Engine_MaterialFunctions01/Texturing/ScaleUVsByCenter.uasset" 10
"../../../Engine/Content/Functions/Engine_MaterialFunctions02/ScreenResolution.uasset" 11
"../../../Engine/Content/Functions/Engine_MaterialFunctions02/Texturing/ScreenAlignedUVs.uasset" 12
"../../../Engine/Content/EngineResources/WhiteSquareTexture.uasset" 13
"../../../Engine/Content/EngineMaterials/Widget3DPassThrough.uasset" 14
"../../../Engine/Content/EngineMaterials/Widget3DPassThrough_Translucent.uasset" 15
"../../../Engine/Content/EngineMaterials/Widget3DPassThrough_Translucent_OneSided.uasset" 16
"../../../Engine/Content/EngineMaterials/Widget3DPassThrough_Opaque.uasset" 17
"../../../Engine/Content/EngineMaterials/Widget3DPassThrough_Opaque_OneSided.uasset" 18
"../../../Engine/Content/EngineMaterials/Widget3DPassThrough_Masked.uasset" 19
"../../../Engine/Content/EngineMaterials/Widget3DPassThrough_Masked_OneSided.uasset" 20
"../../../Engine/Content/Maps/Templates/Thumbnails/Default.uasset" 21
"../../../Engine/Content/EditorMaterials/ParticleSystems/PSysThumbnail_NoImage.uasset" 22
"../../../Engine/Content/EditorMaterials/ParticleSystems/PSysThumbnail_OOD.uasset" 23
"../../../Engine/Content/EditorLandscapeResources/DataLayer.uasset" 24
"../../../Engine/Content/EngineDamageTypes/DmgTypeBP_Environmental.uasset" 25
"../../../Engine/Content/EngineMeshes/Sphere.uasset" 26
"../../../Engine/Content/EngineFonts/RobotoDistanceField.uasset" 27
"../../../Engine/Content/EngineMaterials/DefaultTextMaterialOpaque.uasset" 28
"../../../Engine/Content/EditorResources/S_Trigger.uasset" 29
"../../../Engine/Content/EngineResources/GradientTexture0.uasset" 30
"../../../Engine/Content/EngineResources/Black.uasset" 31
"../../../Engine/Content/EditorMaterials/MatineeGroups/MAT_Groups_Float.uasset" 32
"../../../Engine/Content/EditorMaterials/MatineeGroups/MAT_Groups_Director.uasset" 33
"../../../Engine/Content/EditorMaterials/MatineeGroups/MAT_Groups_Event.uasset" 34
"../../../Engine/Content/EditorMaterials/MatineeGroups/MAT_Groups_Anim.uasset" 35
"../../../Engine/Content/EditorMaterials/MatineeGroups/MAT_Groups_Fade.uasset" 36
"../../../Engine/Content/EditorMaterials/MatineeGroups/MAT_Groups_Move.uasset" 37
"../../../Engine/Content/EditorMaterials/MatineeGroups/MAT_Groups_Slomo.uasset" 38
"../../../Engine/Content/EditorMaterials/MatineeGroups/MAT_ColorTrack.uasset" 39
"../../../Engine/Content/EditorMaterials/MAT_Groups_Toggle.uasset" 40
"../../../Engine/Content/EditorMaterials/MatineeGroups/MAT_Groups_AudioMaster.uasset" 41
"../../../Engine/Content/EditorMaterials/MatineeGroups/MAT_Groups_Sound.uasset" 42
"../../../Engine/Content/EditorMaterials/MatineeGroups/MAT_Groups_Vector.uasset" 43
"../../../Engine/Content/EditorMaterials/MAT_Groups_Visibility.uasset" 44
"../../../Engine/Content/EngineResources/DefaultTextureCube.uasset" 45
"../../../Engine/Content/Functions/Engine_MaterialFunctions01/Opacity/CameraDepthFade.uasset" 46
"../../../Engine/Content/EngineMaterials/T_Default_Material_Grid_M.uasset" 47
"../../../Engine/Content/EngineMaterials/T_Default_Material_Grid_N.uasset" 48
"../../../Engine/Content/EngineMaterials/DefaultMaterial.uasset" 49
"../../../Engine/Content/EngineMeshes/Cylinder.uasset" 50
"../../../Engine/Content/EngineTireTypes/DefaultTireType.uasset" 51
"../../../Engine/Content/Tutorial/Basics/TutorialAssets/icon_tab_Levels_40x.uasset" 52
"../../../Engine/Content/Tutorial/ContentIntroCurve.uasset" 53
"../../../Engine/Plugins/2D/Paper2D/Content/PlaceholderTextures/DummySpriteTexture.uasset" 54
"../../../Engine/Plugins/2D/Paper2D/Content/DefaultSpriteMaterial.uasset" 55
"../../../Engine/Plugins/2D/Paper2D/Content/MaskedUnlitSpriteMaterial.uasset" 56
"../../../Engine/Plugins/2D/Paper2D/Content/OpaqueUnlitSpriteMaterial.uasset" 57
"../../../Engine/Plugins/2D/Paper2D/Content/DummySprite.uasset" 58
"../../../Engine/Plugins/2D/Paper2D/Content/DefaultPaperTerrainMaterial.uasset" 59
"../../../Engine/Content/EngineMaterials/RemoveSurfaceMaterial.uasset" 60
"../../../Engine/Content/EngineDebugMaterials/DebugMeshMaterial.uasset" 61
"../../../Engine/Content/EngineMaterials/InvalidLightmapSettings.uasset" 62
"../../../Engine/Content/EngineMaterials/M_InvalidLightmapSettings.uasset" 63
"../../../Engine/Content/EditorMaterials/GizmoMaterial.uasset" 64
"../../../Engine/Content/EngineMaterials/Good64x64TilingNoiseHighFreq.uasset" 65
"../../../Engine/Content/EngineMaterials/DefaultBokeh.uasset" 66
"../../../Engine/Content/EngineMaterials/PreintegratedSkinBRDF.uasset" 67
"../../../Engine/Content/EngineMaterials/MiniFont.uasset" 68
"../../../Engine/Content/EngineMaterials/WeightMapPlaceholderTexture.uasset" 69
"../../../Engine/Content/EngineMaterials/DefaultWhiteGrid.uasset" 70
"../../../Engine/Content/EngineMaterials/DefaultPhysicalMaterial.uasset" 71
"../../../Engine/Content/EngineFonts/RobotoTiny.uasset" 72
"../../../Engine/Content/EngineResources/AICON-Red.uasset" 73
"../../../Engine/Content/EngineResources/AICON-Green.uasset" 74
"../../../Engine/Content/MobileResources/HUD/MobileHUDButton1_on.uasset" 75
"../../../MobileAppFirst/Content/Movies/MegaCoaster720p.uasset" 76
"../../../Engine/Content/MobileResources/HUD/MobileHUDDirectionStick.uasset" 77
"../../../MobileAppFirst/Content/MobileStarterContent/Materials/M_Basic_Wall.uasset" 78
"../../../MobileAppFirst/Content/MobileStarterContent/Shapes/Shape_Pipe_90.uasset" 79
"../../../MobileAppFirst/Content/MobileStarterContent/Shapes/Shape_Plane.uasset" 80
"../../../MobileAppFirst/Content/MobileStarterContent/Shapes/Shape_QuadPyramid.uasset" 81
"../../../MobileAppFirst/Content/MobileStarterContent/Shapes/Shape_Sphere.uasset" 82
"../../../MobileAppFirst/Content/MobileStarterContent/Shapes/Shape_Torus.uasset" 83
"../../../MobileAppFirst/Content/MobileStarterContent/Shapes/Shape_Trim.uasset" 84
"../../../MobileAppFirst/Content/MobileStarterContent/Shapes/Shape_Trim_90_In.uasset" 85
"../../../MobileAppFirst/Content/MobileStarterContent/Shapes/Shape_Trim_90_Out.uasset" 86
"../../../MobileAppFirst/Content/MobileStarterContent/Shapes/Shape_TriPyramid.uasset" 87
"../../../MobileAppFirst/Content/MobileStarterContent/Shapes/Shape_Tube.uasset" 88
"../../../MobileAppFirst/Content/MobileStarterContent/Shapes/Shape_Wedge_A.uasset" 89
"../../../MobileAppFirst/Content/MobileStarterContent/Shapes/Shape_Wedge_B.uasset" 90
"../../../Engine/Content/MobileResources/HUD/T_Castle_ThumbstickInner.uasset" 91
"../../../MobileAppFirst/Content/MobileStarterContent/Textures/T_Metal_Gold_N.uasset" 92
"../../../MobileAppFirst/Content/MobileStarterContent/Textures/T_Rock_Marble_Polished_D.uasset" 93
"../../../MobileAppFirst/Content/MobileStarterContent/Materials/M_Rock_Marble_Polished.uasset" 94
"../../../MobileAppFirst/Content/MobileStarterContent/Textures/T_Rock_Sandstone_D.uasset" 95
"../../../MobileAppFirst/Content/MobileStarterContent/Textures/T_Rock_Sandstone_N.uasset" 96
"../../../MobileAppFirst/Content/MobileStarterContent/Materials/M_Rock_Sandstone.uasset" 97
"../../../MobileAppFirst/Content/MobileStarterContent/Textures/T_Rock_Slate_D.uasset" 98
"../../../MobileAppFirst/Content/MobileStarterContent/Textures/T_Rock_Slate_N.uasset" 99
"../../../MobileAppFirst/Content/MobileStarterContent/Materials/M_Rock_Slate.uasset" 100
"../../../MobileAppFirst/Content/MobileStarterContent/Textures/T_Checker_Noise_M.uasset" 101
"../../../MobileAppFirst/Content/MobileStarterContent/Textures/T_Single_Tile_N.uasset" 102
"../../../MobileAppFirst/Content/MobileStarterContent/Textures/T_Tech_Dot_M.uasset" 103
"../../../MobileAppFirst/Content/MobileStarterContent/Textures/T_Tech_Dot_N.uasset" 104
"../../../MobileAppFirst/Content/MobileStarterContent/Materials/M_Tech_Checker_Dot.uasset" 105
"../../../MobileAppFirst/Content/MobileStarterContent/Textures/T_Tech_Hex_Tile_M.uasset" 106
"../../../MobileAppFirst/Content/MobileStarterContent/Textures/T_Tech_Hex_Tile_N.uasset" 107
"../../../MobileAppFirst/Content/MobileStarterContent/Materials/M_Tech_Hex_Tile.uasset" 108
"../../../MobileAppFirst/Content/MobileStarterContent/Textures/T_MacroVariation.uasset" 109
"../../../MobileAppFirst/Content/MobileStarterContent/Materials/M_Tech_Hex_Tile_Pulse.uasset" 110
"../../../MobileAppFirst/Content/MobileStarterContent/Textures/T_Tech_Panel_M.uasset" 111
"../../../MobileAppFirst/Content/MobileStarterContent/Textures/T_Tech_Panel_N.uasset" 112
"../../../MobileAppFirst/Content/MobileStarterContent/Materials/M_Tech_Panel.uasset" 113
"../../../MobileAppFirst/Content/Materials/Water_PM.uasset" 114
"../../../MobileAppFirst/Content/MobileStarterContent/Textures/T_Water_N.uasset" 115
"../../../MobileAppFirst/Content/MobileStarterContent/Materials/M_Water_Lake.uasset" 116
"../../../MobileAppFirst/Content/MobileStarterContent/Textures/T_Wood_Pine_D.uasset" 117
"../../../MobileAppFirst/Content/MobileStarterContent/Textures/T_Wood_Pine_N.uasset" 118
"../../../MobileAppFirst/Content/MobileStarterContent/Materials/M_Wood_Pine.uasset" 119
"../../../MobileAppFirst/Content/MobileStarterContent/Textures/T_Wood_Walnut_D.uasset" 120
"../../../MobileAppFirst/Content/MobileStarterContent/Textures/T_Wood_Walnut_N.uasset" 121
"../../../MobileAppFirst/Content/MobileStarterContent/Materials/M_Wood_Walnut.uasset" 122
"../../../MobileAppFirst/Content/MobileStarterContent/Textures/T_Dust_Particle_D.uasset" 123
"../../../MobileAppFirst/Content/MobileStarterContent/Particles/Materials/M_Dust_Particle.uasset" 124
"../../../MobileAppFirst/Content/MobileStarterContent/Particles/P_Ambient_Dust.uasset" 125
"../../../MobileAppFirst/Content/MobileStarterContent/Shapes/Shape_Cone.uasset" 126
"../../../MobileAppFirst/Content/MobileStarterContent/Shapes/Shape_Cube.uasset" 127
"../../../MobileAppFirst/Content/MobileStarterContent/Shapes/Shape_Cylinder.uasset" 128
"../../../MobileAppFirst/Content/MobileStarterContent/Shapes/Shape_NarrowCapsule.uasset" 129
"../../../MobileAppFirst/Content/MobileStarterContent/Shapes/Shape_Pipe.uasset" 130
"../../../MobileAppFirst/Content/MobileStarterContent/Shapes/Shape_Pipe_180.uasset" 131
"../../../MobileAppFirst/Content/MobileStarterContent/Textures/T_Rock_Basalt_D.uasset" 132
"../../../MobileAppFirst/Content/MobileStarterContent/Textures/T_RockMesh_M.uasset" 133
"../../../MobileAppFirst/Content/MobileStarterContent/Textures/T_RockMesh_N.uasset" 134
"../../../MobileAppFirst/Content/MobileStarterContent/Props/Materials/M_Rock.uasset" 135
"../../../MobileAppFirst/Content/MobileStarterContent/Props/SM_Rock.uasset" 136
"../../../MobileAppFirst/Content/MobileStarterContent/Textures/T_Shelf_M.uasset" 137
"../../../MobileAppFirst/Content/MobileStarterContent/Textures/T_Shelf_N.uasset" 138
"../../../MobileAppFirst/Content/MobileStarterContent/Props/Materials/M_Shelf.uasset" 139
"../../../MobileAppFirst/Content/MobileStarterContent/Props/SM_Shelf.uasset" 140
"../../../MobileAppFirst/Content/MobileStarterContent/Props/SM_Stairs.uasset" 141
"../../../MobileAppFirst/Content/MobileStarterContent/Textures/T_TableRound_M.uasset" 142
"../../../MobileAppFirst/Content/MobileStarterContent/Textures/T_TableRound_N.uasset" 143
"../../../MobileAppFirst/Content/MobileStarterContent/Props/Materials/M_TableRound.uasset" 144
"../../../MobileAppFirst/Content/MobileStarterContent/Props/SM_TableRound.uasset" 145
"../../../MobileAppFirst/Content/MobileStarterContent/Textures/T_Frame_M.uasset" 146
"../../../MobileAppFirst/Content/MobileStarterContent/Textures/T_Frame_N.uasset" 147
"../../../MobileAppFirst/Content/MobileStarterContent/Props/Materials/M_Frame.uasset" 148
"../../../MobileAppFirst/Content/MobileStarterContent/Props/SM_WindowFrame.uasset" 149
"../../../Engine/Content/EngineMaterials/WorldGridMaterial.uasset" 150
"../../../MobileAppFirst/Content/MobileStarterContent/Props/MaterialSphere.uasset" 151
"../../../MobileAppFirst/Content/MobileStarterContent/Textures/T_Bush_D.uasset" 152
"../../../MobileAppFirst/Content/MobileStarterContent/Textures/T_Bush_N.uasset" 153
"../../../MobileAppFirst/Content/MobileStarterContent/Props/Materials/M_Bush.uasset" 154
"../../../MobileAppFirst/Content/MobileStarterContent/Props/SM_Bush.uasset" 155
"../../../MobileAppFirst/Content/MobileStarterContent/Textures/T_Chair_M.uasset" 156
"../../../MobileAppFirst/Content/MobileStarterContent/Textures/T_Chair_N.uasset" 157
"../../../MobileAppFirst/Content/MobileStarterContent/Props/Materials/M_Chair.uasset" 158
"../../../MobileAppFirst/Content/MobileStarterContent/Props/SM_Chair.uasset" 159
"../../../MobileAppFirst/Content/MobileStarterContent/Props/SM_CornerFrame.uasset" 160
"../../../MobileAppFirst/Content/MobileStarterContent/Props/SM_Couch.uasset" 161
"../../../MobileAppFirst/Content/MobileStarterContent/Materials/M_Glass.uasset" 162
"../../../MobileAppFirst/Content/MobileStarterContent/Props/SM_GlassWindow.uasset" 163
"../../../MobileAppFirst/Content/MobileStarterContent/Props/Materials/M_MaterialSphere.uasset" 164
"../../../MobileAppFirst/Content/MobileStarterContent/Props/Materials/M_MaterialSphere_Plain.uasset" 165
"../../../MobileAppFirst/Content/MobileStarterContent/Props/SM_MatPreviewMesh_02.uasset" 166
"../../../MobileAppFirst/Content/MobileStarterContent/Props/SM_PillarFrame.uasset" 167
"../../../MobileAppFirst/Content/MobileStarterContent/Props/SM_PillarFrame300.uasset" 168
"../../../Engine/Content/MobileResources/HUD/T_Castle_ThumbstickOutter.uasset" 169
"../../../MobileAppFirst/Content/MobileStarterContent/Audio/Light01.uasset" 170
"../../../MobileAppFirst/Content/MobileStarterContent/Audio/Light01_Cue.uasset" 171
"../../../MobileAppFirst/Content/MobileStarterContent/Audio/Light02.uasset" 172
"../../../MobileAppFirst/Content/MobileStarterContent/Audio/Light02_Cue.uasset" 173
"../../../MobileAppFirst/Content/MobileStarterContent/Audio/Starter_Birds01.uasset" 174
"../../../MobileAppFirst/Content/MobileStarterContent/Audio/Starter_Wind05.uasset" 175
"../../../MobileAppFirst/Content/MobileStarterContent/Audio/Starter_Wind06.uasset" 176
"../../../MobileAppFirst/Content/MobileStarterContent/Audio/Starter_Background_Cue.uasset" 177
"../../../MobileAppFirst/Content/MobileStarterContent/Audio/Starter_Music01.uasset" 178
"../../../MobileAppFirst/Content/MobileStarterContent/Audio/Starter_Music_Cue.uasset" 179
"../../../MobileAppFirst/Content/MobileStarterContent/Audio/Steam01.uasset" 180
"../../../MobileAppFirst/Content/MobileStarterContent/Audio/Steam01_Cue.uasset" 181
"../../../MobileAppFirst/Content/MobileStarterContent/Textures/T_Lamp_M.uasset" 182
"../../../MobileAppFirst/Content/MobileStarterContent/Textures/T_Lamp_N.uasset" 183
"../../../MobileAppFirst/Content/MobileStarterContent/Props/Materials/M_Lamp.uasset" 184
"../../../MobileAppFirst/Content/MobileStarterContent/Props/SM_Lamp_Ceiling.uasset" 185
"../../../MobileAppFirst/Content/MobileStarterContent/Blueprints/Blueprint_CeilingLight.uasset" 186
"../../../MobileAppFirst/Content/MobileStarterContent/Audio/Explosion01.uasset" 187
"../../../MobileAppFirst/Content/MobileStarterContent/Audio/Explosion02.uasset" 188
"../../../MobileAppFirst/Content/MobileStarterContent/Audio/Explosion_Cue.uasset" 189
"../../../MobileAppFirst/Content/MobileStarterContent/Textures/T_Burst_M.uasset" 190
"../../../MobileAppFirst/Content/MobileStarterContent/Particles/Materials/M_Burst.uasset" 191
"../../../MobileAppFirst/Content/MobileStarterContent/Textures/T_Explosion_SubUV.uasset" 192
"../../../MobileAppFirst/Content/MobileStarterContent/Particles/Materials/M_explosion_subUV.uasset" 193
"../../../MobileAppFirst/Content/MobileStarterContent/Particles/Materials/m_flare_01.uasset" 194
"../../../Engine/Content/Functions/Engine_MaterialFunctions01/Gradient/RadialGradient.uasset" 195
"../../../MobileAppFirst/Content/MobileStarterContent/Particles/Materials/M_radial_ramp.uasset" 196
"../../../MobileAppFirst/Content/MobileStarterContent/Textures/T_Smoke_SubUV.uasset" 197
"../../../MobileAppFirst/Content/MobileStarterContent/Textures/T_Smoke_Tiled_D.uasset" 198
"../../../MobileAppFirst/Content/MobileStarterContent/Particles/Materials/M_smoke_subUV.uasset" 199
"../../../MobileAppFirst/Content/MobileStarterContent/Particles/P_Explosion.uasset" 200
"../../../MobileAppFirst/Content/MobileStarterContent/Blueprints/Blueprint_Effect_Explosion.uasset" 201
"../../../MobileAppFirst/Content/MobileStarterContent/Audio/Fire01.uasset" 202
"../../../MobileAppFirst/Content/MobileStarterContent/Audio/Fire01_Cue.uasset" 203
"../../../MobileAppFirst/Content/MobileStarterContent/Textures/T_Fire_SubUV.uasset" 204
"../../../MobileAppFirst/Content/MobileStarterContent/Textures/T_Fire_Tiled_D.uasset" 205
"../../../MobileAppFirst/Content/MobileStarterContent/Particles/Materials/M_Fire_SubUV.uasset" 206
"../../../MobileAppFirst/Content/MobileStarterContent/Particles/Materials/M_Radial_Gradient.uasset" 207
"../../../MobileAppFirst/Content/MobileStarterContent/Particles/P_Fire.uasset" 208
"../../../MobileAppFirst/Content/MobileStarterContent/Blueprints/Blueprint_Effect_Fire.uasset" 209
"../../../MobileAppFirst/Content/MobileStarterContent/Audio/Smoke01.uasset" 210
"../../../MobileAppFirst/Content/MobileStarterContent/Audio/Smoke01_Cue.uasset" 211
"../../../MobileAppFirst/Content/MobileStarterContent/Particles/P_Smoke.uasset" 212
"../../../MobileAppFirst/Content/MobileStarterContent/Blueprints/Blueprint_Effect_Smoke.uasset" 213
"../../../MobileAppFirst/Content/MobileStarterContent/Audio/Fire_Sparks01.uasset" 214
"../../../MobileAppFirst/Content/MobileStarterContent/Audio/Fire_Sparks01_Cue.uasset" 215
"../../../MobileAppFirst/Content/MobileStarterContent/Textures/T_Spark_Core.uasset" 216
"../../../MobileAppFirst/Content/MobileStarterContent/Particles/Materials/M_Spark.uasset" 217
"../../../MobileAppFirst/Content/MobileStarterContent/Particles/P_Sparks.uasset" 218
"../../../MobileAppFirst/Content/MobileStarterContent/Blueprints/Blueprint_Effect_Sparks.uasset" 219
"../../../MobileAppFirst/Content/MobileStarterContent/Props/SM_Lamp_Wall.uasset" 220
"../../../MobileAppFirst/Content/MobileStarterContent/Blueprints/Blueprint_WallSconce.uasset" 221
"../../../MobileAppFirst/Content/MobileStarterContent/Textures/T_Brick_Clay_Old_D.uasset" 222
"../../../MobileAppFirst/Content/MobileStarterContent/Textures/T_Brick_Clay_Old_N.uasset" 223
"../../../MobileAppFirst/Content/MobileStarterContent/Materials/M_Brick_Clay_Old.uasset" 224
"../../../MobileAppFirst/Content/MobileStarterContent/Textures/T_Brick_Cut_Stone_D.uasset" 225
"../../../MobileAppFirst/Content/MobileStarterContent/Textures/T_Brick_Cut_Stone_N.uasset" 226
"../../../MobileAppFirst/Content/MobileStarterContent/Materials/M_Brick_Cut_Stone.uasset" 227
"../../../MobileAppFirst/Content/MobileStarterContent/Textures/T_Brick_Hewn_Stone_D.uasset" 228
"../../../MobileAppFirst/Content/MobileStarterContent/Textures/T_Brick_Hewn_Stone_M.uasset" 229
"../../../MobileAppFirst/Content/MobileStarterContent/Textures/T_Brick_Hewn_Stone_N.uasset" 230
"../../../MobileAppFirst/Content/MobileStarterContent/Materials/M_Brick_Hewn_Stone.uasset" 231
"../../../MobileAppFirst/Content/MobileStarterContent/Textures/T_CobbleStone_Pebble_D.uasset" 232
"../../../MobileAppFirst/Content/MobileStarterContent/Textures/T_CobbleStone_Pebble_N.uasset" 233
"../../../MobileAppFirst/Content/MobileStarterContent/Materials/M_CobbleStone_Pebble.uasset" 234
"../../../MobileAppFirst/Content/MobileStarterContent/Textures/T_CobbleStone_Rough_D.uasset" 235
"../../../MobileAppFirst/Content/MobileStarterContent/Textures/T_CobbleStone_Rough_N.uasset" 236
"../../../MobileAppFirst/Content/MobileStarterContent/Materials/M_CobbleStone_Rough.uasset" 237
"../../../MobileAppFirst/Content/MobileStarterContent/Textures/T_CobbleStone_Smooth_D.uasset" 238
"../../../MobileAppFirst/Content/MobileStarterContent/Textures/T_CobbleStone_Smooth_M.uasset" 239
"../../../MobileAppFirst/Content/MobileStarterContent/Textures/T_CobbleStone_Smooth_N.uasset" 240
"../../../MobileAppFirst/Content/MobileStarterContent/Materials/M_CobbleStone_Smooth.uasset" 241
"../../../MobileAppFirst/Content/MobileStarterContent/Textures/T_Concrete_Grime_D.uasset" 242
"../../../MobileAppFirst/Content/MobileStarterContent/Textures/T_Metal_Rust_N.uasset" 243
"../../../MobileAppFirst/Content/MobileStarterContent/Materials/M_Concrete_Grime.uasset" 244
"../../../MobileAppFirst/Content/MobileStarterContent/Textures/T_Concrete_Panels_D.uasset" 245
"../../../MobileAppFirst/Content/MobileStarterContent/Textures/T_Concrete_Panels_N.uasset" 246
"../../../MobileAppFirst/Content/MobileStarterContent/Materials/M_Concrete_Panels.uasset" 247
"../../../MobileAppFirst/Content/MobileStarterContent/Textures/T_Ground_Gravel_D.uasset" 248
"../../../MobileAppFirst/Content/MobileStarterContent/Textures/T_Ground_Gravel_N.uasset" 249
"../../../MobileAppFirst/Content/MobileStarterContent/Materials/M_Ground_Gravel.uasset" 250
"../../../MobileAppFirst/Content/MobileStarterContent/Textures/T_ground_Moss_D.uasset" 251
"../../../MobileAppFirst/Content/MobileStarterContent/Textures/T_Ground_Moss_N.uasset" 252
"../../../MobileAppFirst/Content/MobileStarterContent/Materials/M_Ground_Moss.uasset" 253
"../../../MobileAppFirst/Content/MobileStarterContent/Textures/T_Metal_Copper_D.uasset" 254
"../../../MobileAppFirst/Content/MobileStarterContent/Materials/M_Metal_Copper.uasset" 255
"../../../MobileAppFirst/Content/MobileStarterContent/Textures/T_Metal_Gold_D.uasset" 256
"../../../MobileAppFirst/Content/MobileStarterContent/Materials/M_Metal_Gold.uasset" 257
"../../../MobileAppFirst/Content/MobileStarterContent/Textures/T_Metal_Rust_D.uasset" 258
"../../../MobileAppFirst/Content/MobileStarterContent/Materials/M_Metal_Rust.uasset" 259
"../../../MobileAppFirst/Content/MobileStarterContent/Textures/T_Metal_Steel_D.uasset" 260
"../../../MobileAppFirst/Content/MobileStarterContent/Textures/T_Metal_Steel_N.uasset" 261
"../../../MobileAppFirst/Content/MobileStarterContent/Materials/M_Metal_Steel.uasset" 262
"../../../MobileAppFirst/Content/MobileStarterContent/Textures/T_Rock_Basalt_N.uasset" 263
"../../../MobileAppFirst/Content/MobileStarterContent/Materials/M_Rock_Basalt.uasset" 264
"../../../MobileAppFirst/Content/Materials/Ball_Dynamic_Material.uasset" 265
"../../../Engine/Content/BasicShapes/Sphere.uasset" 266
"../../../MobileAppFirst/Content/DynamicTextureMeshes/ExampleBall.uasset" 267
"../../../Engine/Content/EditorResources/EmptyActor.uasset" 268
"../../../Engine/Content/EditorResources/AudioIcons/S_AudioComponent_AutoActivate.uasset" 269
"../../../MobileAppFirst/Content/MobileStarterContent/Textures/T_Concrete_Tiles_Variation_M.uasset" 270
"../../../Engine/Content/MobileResources/HUD/MobileHUDDirectionPad2.uasset" 271
"../../../MobileAppFirst/Content/MobileStarterContent/Textures/T_Gradinet_01.uasset" 272
"../../../Engine/Content/MobileResources/HUD/MobileHUDButton3.uasset" 273
"../../../MobileAppFirst/Content/MobileStarterContent/Textures/T_Detail_Rocky_N.uasset" 274
"../../../Engine/Content/MobileResources/HUD/MobileHUDButton1_off.uasset" 275
"../../../Engine/Content/MobileResources/HUD/MobileHUDDirectionPad.uasset" 276
"../../../Engine/Content/MobileResources/HUD/MobileHUDButton2_off.uasset" 277
"../../../Engine/Content/MobileResources/HUD/MobileHUDButton2_on.uasset" 278
"../../../Engine/Content/MobileResources/T_MobileControls_texture.uasset" 279
"../../../MobileAppFirst/Content/MobileStarterContent/Textures/T_CobbleStone_Pebble_M.uasset" 280
"../../../Engine/Content/EditorResources/AudioIcons/S_AudioComponent.uasset" 281
"../../../MobileAppFirst/Content/MyHUD.uasset" 282
"../../../MobileAppFirst/Content/MyGame.uasset" 283
"../../../MobileAppFirst/Content/MobileStarterContent/Shapes/Shape_WideCapsule.uasset" 284
"../../../Engine/Content/MobileResources/HUD/MobileHUDDirectionPad3.uasset" 285
"../../../MobileAppFirst/Content/MobileStarterContent/Textures/T_Perlin_Noise_M.uasset" 286
"../../../MobileAppFirst/Content/MobileStarterContent/Textures/T_Rock_Smooth_Granite_D.uasset" 287
"../../../Engine/Content/MobileResources/HUD/MobileHUDButtonFire.uasset" 288
"../../../Engine/Content/EditorMaterials/PhAT_JointLimitMaterial.uasset" 289
"../../../Engine/Content/EditorMaterials/PreviewShadowIndicator.uasset" 290
"../../../Engine/Content/EditorMaterials/PreviewShadowIndicatorMaterial.uasset" 291
"../../../Engine/Content/EditorMeshes/ColorCalibrator/M_ChromeBall.uasset" 292
"../../../Engine/Content/EditorMeshes/ColorCalibrator/M_ClearCoat.uasset" 293
"../../../Engine/Content/EditorMeshes/ColorCalibrator/M_ClearCoatBlack.uasset" 294
"../../../Engine/Content/EditorMeshes/ColorCalibrator/T_ColorGrid.uasset" 295
"../../../Engine/Content/EditorMeshes/ColorCalibrator/M_ColorGrid.uasset" 296
"../../../Engine/Content/EditorMeshes/ColorCalibrator/M_GreyBall.uasset" 297
"../../../Engine/Content/EditorMeshes/ColorCalibrator/SM_ColorCalibrator.uasset" 298
"../../../Engine/Content/EditorResources/BSPVertex.uasset" 299
"../../../Engine/Content/EngineDebugMaterials/HeatmapGradient.uasset" 300
"../../../Engine/Content/EngineDebugMaterials/BoneWeightMaterial.uasset" 301
"../../../Engine/Content/EngineDebugMaterials/GeomMaterial.uasset" 302
"../../../Engine/Content/EngineMaterials/EditorBrushMaterial.uasset" 303
"../../../Engine/Content/EngineMeshes/Cube.uasset" 304
"../../../Engine/Content/MobileResources/T_MobileMenu2.uasset" 305
"../../../Engine/Content/MobileResources/HUD/AnalogHat.uasset" 306
"../../../Engine/Content/MobileResources/HUD/VirtualJoystick_Background.uasset" 307
"../../../Engine/Content/MobileResources/HUD/VirtualJoystick_Thumb.uasset" 308
"../../../Engine/Content/MobileResources/HUD/DefaultVirtualJoysticks.uasset" 309
"../../../Engine/Content/MobileResources/HUD/LeftVirtualJoystickOnly.uasset" 310
"../../../Engine/Content/Tutorial/BlueprintTutorials/TutorialAssets/BlueprintInterface_64x.uasset" 311
"../../../Engine/Content/Tutorial/BlueprintTutorials/TutorialAssets/BlueprintMacroLibrary_64x.uasset" 312
"../../../Engine/Content/Tutorial/BlueprintTutorials/TutorialAssets/Blueprint_64x.uasset" 313
"../../../Engine/Content/Tutorial/BlueprintTutorials/TutorialAssets/Tutorial_BP_Interface.uasset" 314
"../../../Engine/Content/Tutorial/Foliage/TutorialAssets/Foliage.uasset" 315
"../../../Engine/Content/Tutorial/Landscape/TutorialAssets/Landscape.uasset" 316
"../../../Engine/Content/Tutorial/Paper2D/TutorialAssets/Paper2DFlipbook_TutorialIcon.uasset" 317
"../../../Engine/Content/Tutorial/Paper2D/TutorialAssets/Paper2DSprite_TutorialIcon.uasset" 318
"../../../Engine/Content/Tutorial/SubEditors/TutorialAssets/icon_Editor_Preferences_General_40x.uasset" 319
"../../../Engine/Content/Tutorial/SubEditors/TutorialAssets/icon_ShowSkeletalMeshes_40x.uasset" 320
"../../../Engine/Content/Tutorial/SubEditors/TutorialAssets/TutorialMaterial.uasset" 321
"../../../Engine/Content/Tutorial/SubEditors/TutorialAssets/T_SmokeSubUV_8X8.uasset" 322
"../../../Engine/Content/Tutorial/SubEditors/TutorialAssets/T_soft_smoke.uasset" 323
"../../../Engine/Content/Tutorial/SubEditors/TutorialAssets/M_smoke_subUV_blackbody.uasset" 324
"../../../Engine/Content/Tutorial/SubEditors/TutorialAssets/TutorialParticleSystem.uasset" 325
"../../../Engine/Content/Tutorial/SubEditors/TutorialAssets/Tutorial_DM.uasset" 326
"../../../MobileAppFirst/Content/Characters/HeroTPP_Skeleton.uasset" 327
"../../../MobileAppFirst/Content/Animations/MontageExample_End_1.uasset" 328
"../../../MobileAppFirst/Content/Animations/MontageExample_End_2.uasset" 329
"../../../MobileAppFirst/Content/Animations/MontageExample_Punch_1.uasset" 330
"../../../MobileAppFirst/Content/Animations/MontageExample_Punch_2.uasset" 331
"../../../MobileAppFirst/Content/Animations/MontageExample_Start.uasset" 332
"../../../MobileAppFirst/Content/InteriorMeshes/AIO_Shelf.uasset" 333
"../../../MobileAppFirst/Content/Materials/Conctrete_PM.uasset" 334
"../../../MobileAppFirst/Content/MobileStarterContent/Architecture/Pillar_50x500.uasset" 335
"../../../MobileAppFirst/Content/MobileStarterContent/Architecture/Wall_400x200.uasset" 336
"../../../MobileAppFirst/Content/MobileStarterContent/Architecture/Wall_400x300.uasset" 337
"../../../MobileAppFirst/Content/MobileStarterContent/Architecture/Wall_Door_400x300.uasset" 338
"../../../MobileAppFirst/Content/MobileStarterContent/Architecture/Wall_Door_400x400.uasset" 339
"../../../MobileAppFirst/Content/MobileStarterContent/Architecture/Wall_Window_400x300.uasset" 340
"../../../MobileAppFirst/Content/MobileStarterContent/Architecture/Wall_Window_400x400.uasset" 341
"../../../MobileAppFirst/Content/MobileStarterContent/Audio/Collapse01.uasset" 342
"../../../MobileAppFirst/Content/MobileStarterContent/Audio/Collapse02.uasset" 343
"../../../MobileAppFirst/Content/MobileStarterContent/Audio/Collapse_Cue.uasset" 344
"../../../MobileAppFirst/Content/Animations/Jump_End.uasset" 345
"../../../MobileAppFirst/Content/Animations/Jump_Loop.uasset" 346
"../../../MobileAppFirst/Content/Animations/Jump_Start.uasset" 347
"../../../MobileAppFirst/Content/Animations/Idle.uasset" 348
"../../../MobileAppFirst/Content/Animations/Run.uasset" 349
"../../../MobileAppFirst/Content/Animations/Walk.uasset" 350
"../../../MobileAppFirst/Content/Animations/idle_walk_run.uasset" 351
"../../../Engine/Content/EditorBlueprintResources/StandardMacros.uasset" 352
"../../../MobileAppFirst/Content/Materials/MaterialParent.uasset" 353
"../../../MobileAppFirst/Content/Characters/CharacterMaterial.uasset" 354
"../../../MobileAppFirst/Content/Characters/HeroTPP_PhysicsAsset.uasset" 355
"../../../MobileAppFirst/Content/Characters/HeroTPP.uasset" 356
"../../../MobileAppFirst/Content/Sounds/footsteps.uasset" 357
"../../../MobileAppFirst/Content/Characters/PpalCharacter.uasset" 358
"../../../MobileAppFirst/Content/Characters/CharacterNMBP.uasset" 359
"../../../MobileAppFirst/Content/Characters/AI.uasset" 360
"../../../Engine/Content/EngineSky/C_Sky_Cloud_Color.uasset" 361
"../../../Engine/Content/EngineSky/C_Sky_Horizon_Color.uasset" 362
"../../../Engine/Content/EngineSky/C_Sky_Zenith_Color.uasset" 363
"../../../Engine/Content/EngineSky/T_Sky_Blue.uasset" 364
"../../../Engine/Content/EngineSky/T_Sky_Clouds_M.uasset" 365
"../../../Engine/Content/EngineSky/T_Sky_Stars.uasset" 366
"../../../Engine/Content/EngineSky/M_Sky_Panning_Clouds2.uasset" 367
"../../../Engine/Content/EngineSky/SM_SkySphere.uasset" 368
"../../../Engine/Content/EngineSky/BP_Sky_Sphere.uasset" 369
"../../../MobileAppFirst/Content/MobileStarterContent/Textures/T_Door_M.uasset" 370
"../../../MobileAppFirst/Content/MobileStarterContent/Textures/T_Door_N.uasset" 371
"../../../MobileAppFirst/Content/MobileStarterContent/Props/Materials/M_Door.uasset" 372
"../../../MobileAppFirst/Content/MobileStarterContent/Props/SM_Door.uasset" 373
"../../../MobileAppFirst/Content/MobileStarterContent/Props/SM_DoorFrame.uasset" 374
"../../../MobileAppFirst/Content/Blueprints/DoorBP.uasset" 375
"../../../MobileAppFirst/Content/Blueprints/PortalBox.uasset" 376
"../../../MobileAppFirst/Content/InteriorMeshes/BED.uasset" 377
"../../../MobileAppFirst/Content/DynamicTextureMeshes/Bed.uasset" 378
"../../../MobileAppFirst/Content/MobileStarterContent/Textures/T_Brick_Clay_New_D.uasset" 379
"../../../MobileAppFirst/Content/MobileStarterContent/Textures/T_Brick_Clay_New_M.uasset" 380
"../../../MobileAppFirst/Content/MobileStarterContent/Textures/T_Brick_Clay_New_N.uasset" 381
"../../../MobileAppFirst/Content/MobileStarterContent/Materials/M_Brick_Clay_New.uasset" 382
"../../../MobileAppFirst/Content/InteriorMeshes/Bookcase.uasset" 383
"../../../MobileAppFirst/Content/DynamicTextureMeshes/BookCase.uasset" 384
"../../../MobileAppFirst/Content/InteriorMeshes/sofa.uasset" 385
"../../../MobileAppFirst/Content/DynamicTextureMeshes/Sofa.uasset" 386
"../../../MobileAppFirst/Content/InteriorMeshes/vase.uasset" 387
"../../../MobileAppFirst/Content/DynamicTextureMeshes/Vase.uasset" 388
"../../../MobileAppFirst/Content/MobileStarterContent/Materials/M_Basic_Floor.uasset" 389
"../../../MobileAppFirst/Content/MobileStarterContent/Textures/T_Brick_Clay_Beveled_D.uasset" 390
"../../../MobileAppFirst/Content/MobileStarterContent/Textures/T_Brick_Clay_Beveled_M.uasset" 391
"../../../MobileAppFirst/Content/MobileStarterContent/Textures/T_Brick_Clay_Beveled_N.uasset" 392
"../../../MobileAppFirst/Content/MobileStarterContent/Materials/M_Brick_Clay_Beveled.uasset" 393
"../../../MobileAppFirst/Content/MobileStarterContent/Textures/T_Ceramic_Tile_M.uasset" 394
"../../../MobileAppFirst/Content/MobileStarterContent/Textures/T_Ceramic_Tile_N.uasset" 395
"../../../MobileAppFirst/Content/MobileStarterContent/Materials/M_Ceramic_Tile_Checker.uasset" 396
"../../../MobileAppFirst/Content/MobileStarterContent/Textures/T_Concrete_Poured_D.uasset" 397
"../../../MobileAppFirst/Content/MobileStarterContent/Textures/T_Concrete_Poured_N.uasset" 398
"../../../MobileAppFirst/Content/MobileStarterContent/Materials/M_Concrete_Poured.uasset" 399
"../../../MobileAppFirst/Content/MobileStarterContent/Textures/T_Concrete_Tiles_D.uasset" 400
"../../../MobileAppFirst/Content/MobileStarterContent/Textures/T_Concrete_Tiles_M.uasset" 401
"../../../MobileAppFirst/Content/MobileStarterContent/Textures/T_Concrete_Tiles_N.uasset" 402
"../../../MobileAppFirst/Content/MobileStarterContent/Materials/M_Concrete_Tiles.uasset" 403
"../../../MobileAppFirst/Content/MobileStarterContent/Textures/T_Ground_Grass_D.uasset" 404
"../../../MobileAppFirst/Content/MobileStarterContent/Textures/T_Ground_Grass_N.uasset" 405
"../../../MobileAppFirst/Content/MobileStarterContent/Materials/M_Ground_Grass.uasset" 406
"../../../MobileAppFirst/Content/MobileStarterContent/Materials/M_Metal_Brushed_Nickel.uasset" 407
"../../../MobileAppFirst/Content/MobileStarterContent/Textures/T_Metal_Aluminum_D.uasset" 408
"../../../MobileAppFirst/Content/MobileStarterContent/Materials/M_Metal_Burnished_Steel.uasset" 409
"../../../MobileAppFirst/Content/MobileStarterContent/Materials/M_Metal_Chrome.uasset" 410
"../../../Engine/Content/Functions/Engine_MaterialFunctions02/Utility/BlendAngleCorrectedNormals.uasset" 411
"../../../MobileAppFirst/Content/MobileStarterContent/Textures/T_Water_M.uasset" 412
"../../../MobileAppFirst/Content/MobileStarterContent/Materials/M_Water_Ocean.uasset" 413
"../../../MobileAppFirst/Content/MobileStarterContent/Textures/T_Wood_Floor_Walnut_D.uasset" 414
"../../../MobileAppFirst/Content/MobileStarterContent/Textures/T_Wood_Floor_Walnut_M.uasset" 415
"../../../MobileAppFirst/Content/MobileStarterContent/Textures/T_Wood_Floor_Walnut_N.uasset" 416
"../../../MobileAppFirst/Content/MobileStarterContent/Materials/M_Wood_Floor_Walnut_Polished.uasset" 417
"../../../MobileAppFirst/Content/MobileStarterContent/Materials/M_Wood_Floor_Walnut_Worn.uasset" 418
"../../../MobileAppFirst/Content/MobileStarterContent/Textures/T_Wood_Oak_D.uasset" 419
"../../../MobileAppFirst/Content/MobileStarterContent/Textures/T_Wood_Oak_N.uasset" 420
"../../../MobileAppFirst/Content/MobileStarterContent/Materials/M_Wood_Oak.uasset" 421
"../../../MobileAppFirst/Content/MobileStarterContent/Textures/T_Metal_Gold_Mat.uasset" 422
"../../../Engine/Content/BasicShapes/Cube.uasset" 423
"../../../MobileAppFirst/Content/MobileStarterContent/Architecture/Floor_400x400.uasset" 424
"../../../MobileAppFirst/Content/MobileStarterContent/Architecture/Wall_400x400.uasset" 425
"../../../MobileAppFirst/Content/MobileStarterContent/Architecture/Wall_500x500.uasset" 426
"../../../MobileAppFirst/Content/YAMP/esqueletoPared.uasset" 427
"../../../MobileAppFirst/Content/YAMP/mesita1.uasset" 428
"../../../MobileAppFirst/Content/YAMP/mesita2.uasset" 429
"../../../MobileAppFirst/Content/YAMP/parteAtras.uasset" 430
"../../../MobileAppFirst/Content/YAMP/pilarCentral.uasset" 431
"../../../MobileAppFirst/Content/YAMP/Sostenedor.uasset" 432
"../../../MobileAppFirst/Content/MobileStarterContent/Maps/Minimal_Default.umap" 433
"../../../Engine/Content/Functions/Engine_MaterialFunctions01/Coordinates/LongLatToUV.uasset" 434
"../../../Engine/Content/Functions/Engine_MaterialFunctions02/Texturing/CustomRotator.uasset" 435
"../../../MobileAppFirst/Content/Movies/MegaCoaster.uasset" 436
"../../../MobileAppFirst/Content/Movies/360Texture.uasset" 437
"../../../MobileAppFirst/Content/Movies/360Material.uasset" 438
"../../../MobileAppFirst/Content/Movies/360Sound.uasset" 439
"../../../MobileAppFirst/Content/Movies/secondTry.uasset" 440
"../../../MobileAppFirst/Content/MobileStarterContent/Maps/Video360.umap" 441
"../../../Engine/Content/EngineMaterials/DefaultNormal.uasset" 442
"../../../Engine/Content/Maps/Entry.umap" 443
